<?xml version="1.0" encoding="UTF-8"?>
<testsuite xmlns:xsi="http://www.w3.org/2001/XMLSchema-instance" xsi:noNamespaceSchemaLocation="https://maven.apache.org/surefire/maven-surefire-plugin/xsd/surefire-test-report-3.0.xsd" version="3.0" name="at.jku.swtesting.RingBufferModelWithAdapterTest" time="0.29" tests="1" errors="0" skipped="0" failures="0">
  <properties>
[...]
</properties>
  <testcase name="test" classname="at.jku.swtesting.RingBufferModelWithAdapterTest" time="0.227">
    <system-out><![CDATA[done (EMPTY, enqueue, FILLED)
done (FILLED, size, FILLED)
done (FILLED, enqueue, FILLED)
done (FILLED, dequeue, FILLED)
done (FILLED, dequeue, EMPTY)
done (EMPTY, enqueue, FILLED)
done (FILLED, size, FILLED)
done (FILLED, peekEmpty, FILLED)
done (FILLED, isEmpty, FILLED)
done (FILLED, size, FILLED)
done (FILLED, peekEmpty, FILLED)
done (FILLED, peek, FILLED)
done (FILLED, peek, FILLED)
done (FILLED, peek, FILLED)
done (FILLED, dequeue, EMPTY)
done (EMPTY, size, EMPTY)
done (EMPTY, size, EMPTY)
done (EMPTY, size, EMPTY)
done (EMPTY, dequeueFromEmptyBuffer, EMPTY)
done (EMPTY, size, EMPTY)
done (EMPTY, dequeueFromEmptyBuffer, EMPTY)
done (EMPTY, size, EMPTY)
done (EMPTY, size, EMPTY)
done (EMPTY, isEmpty, EMPTY)
done (EMPTY, dequeueFromEmptyBuffer, EMPTY)
done (EMPTY, enqueue, FILLED)
done (FILLED, dequeue, EMPTY)
done (EMPTY, size, EMPTY)
done (EMPTY, peekEmpty, EMPTY)
done (EMPTY, dequeueFromEmptyBuffer, EMPTY)
done (EMPTY, enqueue, FILLED)
done (FILLED, isEmpty, FILLED)
done (FILLED, dequeue, EMPTY)
done (EMPTY, size, EMPTY)
done Random reset(true)
done (EMPTY, peekEmpty, EMPTY)
done (EMPTY, enqueue, FILLED)
done (FILLED, dequeue, EMPTY)
done (EMPTY, peekEmpty, EMPTY)
done (EMPTY, enqueue, FILLED)
done (FILLED, dequeue, EMPTY)
done (EMPTY, dequeueFromEmptyBuffer, EMPTY)
done Random reset(true)
done (EMPTY, peekEmpty, EMPTY)
done Random reset(true)
done (EMPTY, enqueue, FILLED)
done (FILLED, isEmpty, FILLED)
done (FILLED, peek, FILLED)
done (FILLED, size, FILLED)
done (FILLED, peek, FILLED)
done (FILLED, isEmpty, FILLED)
done (FILLED, peekEmpty, FILLED)
done (FILLED, size, FILLED)
done (FILLED, size, FILLED)
done (FILLED, isEmpty, FILLED)
done (FILLED, peek, FILLED)
done (FILLED, peekEmpty, FILLED)
done (FILLED, dequeue, EMPTY)
done (EMPTY, size, EMPTY)
done (EMPTY, enqueue, FILLED)
done (FILLED, size, FILLED)
done (FILLED, peekEmpty, FILLED)
done (FILLED, isEmpty, FILLED)
done (FILLED, dequeue, EMPTY)
done (EMPTY, size, EMPTY)
done (EMPTY, size, EMPTY)
done (EMPTY, peekEmpty, EMPTY)
done (EMPTY, peekEmpty, EMPTY)
done (EMPTY, peekEmpty, EMPTY)
done (EMPTY, size, EMPTY)
done (EMPTY, isEmpty, EMPTY)
done Random reset(true)
done (EMPTY, peekEmpty, EMPTY)
done (EMPTY, isEmpty, EMPTY)
done (EMPTY, enqueue, FILLED)
done Random reset(true)
done (EMPTY, isEmpty, EMPTY)
done (EMPTY, enqueue, FILLED)
done (FILLED, size, FILLED)
done (FILLED, dequeue, EMPTY)
done (EMPTY, peekEmpty, EMPTY)
done (EMPTY, dequeueFromEmptyBuffer, EMPTY)
done (EMPTY, size, EMPTY)
done (EMPTY, enqueue, FILLED)
done (FILLED, peek, FILLED)
done (FILLED, size, FILLED)
done (FILLED, enqueue, FILLED)
done (FILLED, dequeue, FILLED)
done (FILLED, dequeue, EMPTY)
done (EMPTY, dequeueFromEmptyBuffer, EMPTY)
done (EMPTY, dequeueFromEmptyBuffer, EMPTY)
done (EMPTY, isEmpty, EMPTY)
done (EMPTY, peekEmpty, EMPTY)
done (EMPTY, dequeueFromEmptyBuffer, EMPTY)
done (EMPTY, peekEmpty, EMPTY)
done (EMPTY, isEmpty, EMPTY)
done (EMPTY, enqueue, FILLED)
done (FILLED, dequeue, EMPTY)
done (EMPTY, enqueue, FILLED)
done (FILLED, dequeue, EMPTY)
done (EMPTY, isEmpty, EMPTY)
done (EMPTY, dequeueFromEmptyBuffer, EMPTY)
done (EMPTY, size, EMPTY)
done (EMPTY, enqueue, FILLED)
done (FILLED, enqueue, FILLED)
done (FILLED, dequeue, FILLED)
done (FILLED, peekEmpty, FILLED)
done Random reset(true)
done (EMPTY, size, EMPTY)
done (EMPTY, isEmpty, EMPTY)
done (EMPTY, enqueue, FILLED)
done (FILLED, isEmpty, FILLED)
done (FILLED, peek, FILLED)
done (FILLED, peek, FILLED)
done (FILLED, size, FILLED)
done (FILLED, dequeue, EMPTY)
done (EMPTY, enqueue, FILLED)
done (FILLED, size, FILLED)
done (FILLED, peek, FILLED)
done (FILLED, dequeue, EMPTY)
done (EMPTY, peekEmpty, EMPTY)
done (EMPTY, isEmpty, EMPTY)
done (EMPTY, isEmpty, EMPTY)
done (EMPTY, isEmpty, EMPTY)
done (EMPTY, dequeueFromEmptyBuffer, EMPTY)
done (EMPTY, enqueue, FILLED)
done (FILLED, size, FILLED)
done (FILLED, peek, FILLED)
done (FILLED, dequeue, EMPTY)
done (EMPTY, isEmpty, EMPTY)
done (EMPTY, dequeueFromEmptyBuffer, EMPTY)
done (EMPTY, enqueue, FILLED)
done (FILLED, dequeue, EMPTY)
done (EMPTY, dequeueFromEmptyBuffer, EMPTY)
done (EMPTY, dequeueFromEmptyBuffer, EMPTY)
done (EMPTY, size, EMPTY)
done (EMPTY, enqueue, FILLED)
done (FILLED, dequeue, EMPTY)
done (EMPTY, enqueue, FILLED)
done (FILLED, enqueue, FILLED)
done (FILLED, dequeue, FILLED)
done (FILLED, isEmpty, FILLED)
done (FILLED, peek, FILLED)
done (FILLED, dequeue, EMPTY)
done (EMPTY, enqueue, FILLED)
done (FILLED, isEmpty, FILLED)
done (FILLED, enqueue, FILLED)
done (FILLED, peek, FILLED)
done (FILLED, enqueue, FULL)
done (FULL, dequeue, FILLED)
done (FILLED, dequeue, FILLED)
done (FILLED, peekEmpty, FILLED)
done (FILLED, dequeue, EMPTY)
done (EMPTY, dequeueFromEmptyBuffer, EMPTY)
done (EMPTY, isEmpty, EMPTY)
done (EMPTY, peekEmpty, EMPTY)
done (EMPTY, dequeueFromEmptyBuffer, EMPTY)
done (EMPTY, size, EMPTY)
done (EMPTY, isEmpty, EMPTY)
done (EMPTY, peekEmpty, EMPTY)
done (EMPTY, isEmpty, EMPTY)
done (EMPTY, isEmpty, EMPTY)
done Random reset(true)
done (EMPTY, dequeueFromEmptyBuffer, EMPTY)
done (EMPTY, enqueue, FILLED)
done Random reset(true)
done (EMPTY, isEmpty, EMPTY)
done (EMPTY, isEmpty, EMPTY)
done (EMPTY, enqueue, FILLED)
done (FILLED, isEmpty, FILLED)
done (FILLED, peek, FILLED)
done (FILLED, peekEmpty, FILLED)
done (FILLED, peekEmpty, FILLED)
done (FILLED, enqueue, FILLED)
done (FILLED, peek, FILLED)
done (FILLED, peek, FILLED)
done (FILLED, peekEmpty, FILLED)
done (FILLED, isEmpty, FILLED)
done (FILLED, size, FILLED)
done (FILLED, isEmpty, FILLED)
done (FILLED, isEmpty, FILLED)
done (FILLED, size, FILLED)
done (FILLED, size, FILLED)
done (FILLED, size, FILLED)
done (FILLED, peekEmpty, FILLED)
done (FILLED, enqueue, FULL)
done (FULL, enqueueWhenFull, FULL)
done (FULL, enqueueWhenFull, FULL)
done (FULL, size, FULL)
done (FULL, enqueueWhenFull, FULL)
done (FULL, size, FULL)
done (FULL, isEmpty, FULL)
done (FULL, enqueueWhenFull, FULL)
done (FULL, peekEmpty, FULL)
done (FULL, enqueueWhenFull, FULL)
done (FULL, size, FULL)
done (FULL, isEmpty, FULL)
done (FULL, dequeue, FILLED)
done (FILLED, peek, FILLED)
done (FILLED, dequeue, FILLED)
action coverage: 8/8
state coverage: 3/3
transition coverage: 18/18
]]></system-out>
  </testcase>
</testsuite>